Traceback (most recent call last):
  File "/home/elia/Scrivania/jupyter-docker-compose/venv/bin/jupyter-nbconvert", line 5, in <module>
    from nbconvert.nbconvertapp import main
  File "/home/elia/Scrivania/jupyter-docker-compose/venv/lib/python3.12/site-packages/nbconvert/nbconvertapp.py", line 193, in <module>
    class NbConvertApp(JupyterApp):
  File "/home/elia/Scrivania/jupyter-docker-compose/venv/lib/python3.12/site-packages/nbconvert/nbconvertapp.py", line 252, in NbConvertApp
    Options include {get_export_names()}.
                     ^^^^^^^^^^^^^^^^^^
  File "/home/elia/Scrivania/jupyter-docker-compose/venv/lib/python3.12/site-packages/nbconvert/exporters/base.py", line 145, in get_export_names
    e = get_exporter(exporter_name)(config=config)
        ^^^^^^^^^^^^^^^^^^^^^^^^^^^
  File "/home/elia/Scrivania/jupyter-docker-compose/venv/lib/python3.12/site-packages/nbconvert/exporters/base.py", line 106, in get_exporter
    exporter = items[0].load()
               ^^^^^^^^^^^^^^^
  File "/usr/lib/python3.12/importlib/metadata/__init__.py", line 205, in load
    module = import_module(match.group('module'))
             ^^^^^^^^^^^^^^^^^^^^^^^^^^^^^^^^^^^^
  File "/usr/lib/python3.12/importlib/__init__.py", line 90, in import_module
    return _bootstrap._gcd_import(name[level:], package, level)
           ^^^^^^^^^^^^^^^^^^^^^^^^^^^^^^^^^^^^^^^^^^^^^^^^^^^^
  File "/home/elia/Scrivania/jupyter-docker-compose/venv/lib/python3.12/site-packages/jupyter_contrib_nbextensions/nbconvert_support/__init__.py", line 5, in <module>
    from .collapsible_headings import ExporterCollapsibleHeadings
  File "/home/elia/Scrivania/jupyter-docker-compose/venv/lib/python3.12/site-packages/jupyter_contrib_nbextensions/nbconvert_support/collapsible_headings.py", line 6, in <module>
    from notebook.services.config import ConfigManager
ModuleNotFoundError: No module named 'notebook.services'
